2023-08-05 18:06:01.428 [main] INFO  com.rs.mv.mvvs.Startup - [LSP:100101]ROCKET MV BASIC EXTENSION to start
2023-08-05 18:06:01.440 [main] INFO  com.rs.mv.mvvs.lsp.server.BasicLanguageServerLauncher - [LSP:100102]start pip server
2023-08-05 18:06:01.511 [main] INFO  com.rs.mv.mvvs.lsp.server.BasicLanguageServerLauncher - [LSP:100103]ROCKET MV BASIC EXTENSION start successful
2023-08-05 18:06:01.547 [pool-3-thread-1] INFO  com.rs.mv.mvvs.instance.workspace.WorkspaceManager - [workspace:200101]load all workspace folders start
2023-08-05 18:06:01.548 [pool-3-thread-1] INFO  com.rs.mv.mvvs.instance.workspace.WorkspaceManager - [workspace:20010201]root uri: file:///c%3A/Users/dtghgthf/Documents/PlatformIO/Projects/ESP32IntelligentPlant
2023-08-05 18:06:01.548 [pool-3-thread-1] INFO  com.rs.mv.mvvs.instance.workspace.handler.FolderHandler - [workspace:200103]workspace contains workspace folder: file:///c%3A/Users/dtghgthf/Documents/PlatformIO/Projects/ESP32IntelligentPlant
2023-08-05 18:06:01.558 [pool-3-thread-1] INFO  com.rs.mv.mvvs.instance.workspace.handler.FolderHandler - [workspace:200104]workspace folder will be cached: file:///c%3A/Users/dtghgthf/Documents/PlatformIO/Projects/ESP32IntelligentPlant
2023-08-05 18:06:01.558 [pool-3-thread-1] INFO  com.rs.mv.mvvs.rmv.config.Config - [framework:30010101]config load start
2023-08-05 18:06:01.559 [pool-3-thread-1] INFO  com.rs.mv.mvvs.rmv.config.Config - [framework:30010102]project config path is : C:/Users/dtghgthf/Documents/PlatformIO/Projects/ESP32IntelligentPlant/.rmv/config
2023-08-05 18:06:01.559 [pool-3-thread-1] INFO  com.rs.mv.mvvs.rmv.config.Config - [framework:30010103]resource config path is : /
2023-08-05 18:06:01.559 [pool-3-thread-1] INFO  com.rs.mv.mvvs.rmv.config.Config - [framework:30010104]user config path is : C:/Users/dtghgthf
2023-08-05 18:06:01.567 [pool-3-thread-1] INFO  com.rs.mv.mvvs.rmv.config.Config - [framework:30010105]config load end
2023-08-05 18:06:01.569 [pool-3-thread-1] INFO  com.rs.mv.mvvs.rmv.documentation.BasicDocumentation - [framework:30020101]documentation load start
2023-08-05 18:06:01.570 [pool-3-thread-1] INFO  com.rs.mv.mvvs.rmv.documentation.reader.SystemDocReader - [framework:30020102]system documentation path: /documentation/UNIVERSE/
2023-08-05 18:06:01.572 [pool-3-thread-1] INFO  com.rs.mv.mvvs.rmv.documentation.reader.ProjectDocReader - [framework:30020103]project documentation brief file: C:\Users\dtghgthf\Documents\PlatformIO\Projects\ESP32IntelligentPlant\.rmv\documentation\UNIVERSE\custom.json
2023-08-05 18:06:01.573 [pool-3-thread-1] INFO  com.rs.mv.mvvs.rmv.documentation.reader.UserDocReader - [framework:30020104]user documentation brief file: C:\Users\dtghgthf\documentation\UNIVERSE\custom.json
2023-08-05 18:06:01.617 [pool-3-thread-1] INFO  com.rs.mv.mvvs.rmv.documentation.BasicDocumentation - [framework:30020105]documentation load end
2023-08-05 18:06:01.620 [pool-3-thread-1] INFO  com.rs.mv.mvvs.common.convertor.ConvertorManager - [framework:30030101]convertors for folder(C:/Users/dtghgthf/Documents/PlatformIO/Projects/ESP32IntelligentPlant) load start
2023-08-05 18:06:01.623 [pool-3-thread-1] INFO  com.rs.mv.mvvs.common.convertor.ConvertorManager - [framework:30030102]comment convertor load finish
2023-08-05 18:06:01.687 [pool-3-thread-1] INFO  com.rs.mv.mvvs.common.convertor.ConvertorManager - [framework:30030103]keyword convertor load finish
2023-08-05 18:06:01.690 [pool-3-thread-1] INFO  com.rs.mv.mvvs.common.convertor.ConvertorManager - [framework:30030104]operator convertor load finish
2023-08-05 18:06:01.690 [pool-3-thread-1] INFO  com.rs.mv.mvvs.common.convertor.ConvertorManager - [framework:30030105]function name convertor load finish
2023-08-05 18:06:01.691 [pool-3-thread-1] INFO  com.rs.mv.mvvs.common.convertor.ConvertorManager - [framework:30030106]atVariable convertor load finish
2023-08-05 18:06:01.691 [pool-3-thread-1] INFO  com.rs.mv.mvvs.common.convertor.ConvertorManager - [framework:30030107]convertors for folder(C:/Users/dtghgthf/Documents/PlatformIO/Projects/ESP32IntelligentPlant) load end
2023-08-05 18:06:01.692 [pool-3-thread-1] INFO  com.rs.mv.mvvs.rmv.config.CapabilityConfig - [framework:30010301]capabilities file(C:/Users/dtghgthf/Documents/PlatformIO/Projects/ESP32IntelligentPlant/config/capability) doesn't exist or read error, default config will take effect
2023-08-05 18:06:01.692 [pool-3-thread-1] INFO  com.rs.mv.mvvs.instance.workspace.WorkspaceManager - [workspace:200105]load all workspace folders successful
2023-08-05 18:06:01.694 [pool-3-thread-1] INFO  com.rs.mv.mvvs.client.account.AccountManager - [client:40010101]load account manager start
2023-08-05 18:06:01.701 [pool-3-thread-1] INFO  com.rs.mv.mvvs.client.account.handler.CacheAccountHandler - [client:40010102]load cache account: 
2023-08-05 18:06:01.702 [pool-3-thread-1] INFO  com.rs.mv.mvvs.client.account.handler.ExternalAccountHandler - [client:40010103]load external account: 
2023-08-05 18:06:01.737 [pool-3-thread-1] INFO  com.rs.mv.mvvs.client.catalog.manager.U2CatalogManager - [client:400203]cache file auto update thread launch in ESP32IntelligentPlant account
2023-08-05 18:06:01.741 [pool-3-thread-1] INFO  com.rs.mv.mvvs.client.catalog.from.config.DirsConfigReader - [client:400206]parse dir config information
2023-08-05 18:06:01.743 [pool-3-thread-1] INFO  com.rs.mv.mvvs.client.catalog.from.config.MappingConfigReader - [client:400207]parse mapping config information
2023-08-05 18:06:01.744 [pool-3-thread-1] INFO  com.rs.mv.mvvs.client.catalog.manager.U2CatalogManager - [client:400202]start a schedule task to get global/local catalog for ESP32IntelligentPlant, its period 5s 
2023-08-05 18:06:01.745 [pool-3-thread-1] INFO  com.rs.mv.mvvs.client.catalog.manager.U2CatalogManager - [client:400203]cache file auto update thread launch in .pio account
2023-08-05 18:06:01.745 [pool-3-thread-1] INFO  com.rs.mv.mvvs.client.catalog.from.config.DirsConfigReader - [client:400206]parse dir config information
2023-08-05 18:06:01.746 [pool-3-thread-1] INFO  com.rs.mv.mvvs.client.catalog.from.config.MappingConfigReader - [client:400207]parse mapping config information
2023-08-05 18:06:01.746 [pool-3-thread-1] INFO  com.rs.mv.mvvs.client.catalog.manager.U2CatalogManager - [client:400202]start a schedule task to get global/local catalog for .pio, its period 5s 
2023-08-05 18:06:01.746 [pool-3-thread-1] INFO  com.rs.mv.mvvs.client.catalog.manager.U2CatalogManager - [client:400203]cache file auto update thread launch in build account
2023-08-05 18:06:01.747 [pool-3-thread-1] INFO  com.rs.mv.mvvs.client.catalog.from.config.DirsConfigReader - [client:400206]parse dir config information
2023-08-05 18:06:01.747 [pool-3-thread-1] INFO  com.rs.mv.mvvs.client.catalog.from.config.MappingConfigReader - [client:400207]parse mapping config information
2023-08-05 18:06:01.748 [pool-3-thread-1] INFO  com.rs.mv.mvvs.client.catalog.manager.U2CatalogManager - [client:400202]start a schedule task to get global/local catalog for build, its period 5s 
2023-08-05 18:06:01.748 [pool-3-thread-1] INFO  com.rs.mv.mvvs.client.catalog.manager.U2CatalogManager - [client:400203]cache file auto update thread launch in libdeps account
2023-08-05 18:06:01.749 [pool-3-thread-1] INFO  com.rs.mv.mvvs.client.catalog.from.config.DirsConfigReader - [client:400206]parse dir config information
2023-08-05 18:06:01.749 [pool-3-thread-1] INFO  com.rs.mv.mvvs.client.catalog.from.config.MappingConfigReader - [client:400207]parse mapping config information
2023-08-05 18:06:01.749 [pool-3-thread-1] INFO  com.rs.mv.mvvs.client.catalog.manager.U2CatalogManager - [client:400202]start a schedule task to get global/local catalog for libdeps, its period 5s 
2023-08-05 18:06:01.750 [pool-3-thread-1] INFO  com.rs.mv.mvvs.client.catalog.manager.U2CatalogManager - [client:400203]cache file auto update thread launch in esp32dev account
2023-08-05 18:06:01.750 [pool-3-thread-1] INFO  com.rs.mv.mvvs.client.catalog.from.config.DirsConfigReader - [client:400206]parse dir config information
2023-08-05 18:06:01.750 [pool-3-thread-1] INFO  com.rs.mv.mvvs.client.catalog.from.config.MappingConfigReader - [client:400207]parse mapping config information
2023-08-05 18:06:01.751 [pool-3-thread-1] INFO  com.rs.mv.mvvs.client.catalog.manager.U2CatalogManager - [client:400202]start a schedule task to get global/local catalog for esp32dev, its period 5s 
2023-08-05 18:06:01.751 [pool-3-thread-1] INFO  com.rs.mv.mvvs.client.catalog.manager.U2CatalogManager - [client:400203]cache file auto update thread launch in Firebase ESP32 Client account
2023-08-05 18:06:01.752 [pool-3-thread-1] INFO  com.rs.mv.mvvs.client.catalog.from.config.DirsConfigReader - [client:400206]parse dir config information
2023-08-05 18:06:01.752 [pool-3-thread-1] INFO  com.rs.mv.mvvs.client.catalog.from.config.MappingConfigReader - [client:400207]parse mapping config information
2023-08-05 18:06:01.752 [pool-3-thread-1] INFO  com.rs.mv.mvvs.client.catalog.manager.U2CatalogManager - [client:400202]start a schedule task to get global/local catalog for Firebase ESP32 Client, its period 5s 
2023-08-05 18:06:01.753 [pool-3-thread-1] INFO  com.rs.mv.mvvs.client.catalog.manager.U2CatalogManager - [client:400203]cache file auto update thread launch in examples account
2023-08-05 18:06:01.753 [pool-3-thread-1] INFO  com.rs.mv.mvvs.client.catalog.from.config.DirsConfigReader - [client:400206]parse dir config information
2023-08-05 18:06:01.753 [pool-3-thread-1] INFO  com.rs.mv.mvvs.client.catalog.from.config.MappingConfigReader - [client:400207]parse mapping config information
2023-08-05 18:06:01.753 [pool-3-thread-1] INFO  com.rs.mv.mvvs.client.catalog.manager.U2CatalogManager - [client:400202]start a schedule task to get global/local catalog for examples, its period 5s 
2023-08-05 18:06:01.754 [pool-3-thread-1] INFO  com.rs.mv.mvvs.client.catalog.manager.U2CatalogManager - [client:400203]cache file auto update thread launch in Authentications account
2023-08-05 18:06:01.754 [pool-3-thread-1] INFO  com.rs.mv.mvvs.client.catalog.from.config.DirsConfigReader - [client:400206]parse dir config information
2023-08-05 18:06:01.754 [pool-3-thread-1] INFO  com.rs.mv.mvvs.client.catalog.from.config.MappingConfigReader - [client:400207]parse mapping config information
2023-08-05 18:06:01.755 [pool-3-thread-1] INFO  com.rs.mv.mvvs.client.catalog.manager.U2CatalogManager - [client:400202]start a schedule task to get global/local catalog for Authentications, its period 5s 
2023-08-05 18:06:01.755 [pool-3-thread-1] INFO  com.rs.mv.mvvs.client.catalog.manager.U2CatalogManager - [client:400203]cache file auto update thread launch in SignInAsAdmin account
2023-08-05 18:06:01.755 [pool-3-thread-1] INFO  com.rs.mv.mvvs.client.catalog.from.config.DirsConfigReader - [client:400206]parse dir config information
2023-08-05 18:06:01.756 [pool-3-thread-1] INFO  com.rs.mv.mvvs.client.catalog.from.config.MappingConfigReader - [client:400207]parse mapping config information
2023-08-05 18:06:01.756 [pool-3-thread-1] INFO  com.rs.mv.mvvs.client.catalog.manager.U2CatalogManager - [client:400202]start a schedule task to get global/local catalog for SignInAsAdmin, its period 5s 
2023-08-05 18:06:01.757 [pool-3-thread-1] INFO  com.rs.mv.mvvs.client.catalog.manager.U2CatalogManager - [client:400203]cache file auto update thread launch in AccessTokenFile account
2023-08-05 18:06:01.757 [pool-3-thread-1] INFO  com.rs.mv.mvvs.client.catalog.from.config.DirsConfigReader - [client:400206]parse dir config information
2023-08-05 18:06:01.757 [pool-3-thread-1] INFO  com.rs.mv.mvvs.client.catalog.from.config.MappingConfigReader - [client:400207]parse mapping config information
2023-08-05 18:06:01.757 [pool-3-thread-1] INFO  com.rs.mv.mvvs.client.catalog.manager.U2CatalogManager - [client:400202]start a schedule task to get global/local catalog for AccessTokenFile, its period 5s 
2023-08-05 18:06:01.758 [pool-3-thread-1] INFO  com.rs.mv.mvvs.client.catalog.manager.U2CatalogManager - [client:400203]cache file auto update thread launch in SignInAsGuest account
2023-08-05 18:06:01.758 [pool-3-thread-1] INFO  com.rs.mv.mvvs.client.catalog.from.config.DirsConfigReader - [client:400206]parse dir config information
2023-08-05 18:06:01.758 [pool-3-thread-1] INFO  com.rs.mv.mvvs.client.catalog.from.config.MappingConfigReader - [client:400207]parse mapping config information
2023-08-05 18:06:01.758 [pool-3-thread-1] INFO  com.rs.mv.mvvs.client.catalog.manager.U2CatalogManager - [client:400202]start a schedule task to get global/local catalog for SignInAsGuest, its period 5s 
2023-08-05 18:06:01.759 [pool-3-thread-1] INFO  com.rs.mv.mvvs.client.catalog.manager.U2CatalogManager - [client:400203]cache file auto update thread launch in SignInAsUser account
2023-08-05 18:06:01.759 [pool-3-thread-1] INFO  com.rs.mv.mvvs.client.catalog.from.config.DirsConfigReader - [client:400206]parse dir config information
2023-08-05 18:06:01.759 [pool-3-thread-1] INFO  com.rs.mv.mvvs.client.catalog.from.config.MappingConfigReader - [client:400207]parse mapping config information
2023-08-05 18:06:01.760 [pool-3-thread-1] INFO  com.rs.mv.mvvs.client.catalog.manager.U2CatalogManager - [client:400202]start a schedule task to get global/local catalog for SignInAsUser, its period 5s 
2023-08-05 18:06:01.760 [pool-3-thread-1] INFO  com.rs.mv.mvvs.client.catalog.manager.U2CatalogManager - [client:400203]cache file auto update thread launch in UserManagement account
2023-08-05 18:06:01.761 [pool-3-thread-1] INFO  com.rs.mv.mvvs.client.catalog.from.config.DirsConfigReader - [client:400206]parse dir config information
2023-08-05 18:06:01.761 [pool-3-thread-1] INFO  com.rs.mv.mvvs.client.catalog.from.config.MappingConfigReader - [client:400207]parse mapping config information
2023-08-05 18:06:01.761 [pool-3-thread-1] INFO  com.rs.mv.mvvs.client.catalog.manager.U2CatalogManager - [client:400202]start a schedule task to get global/local catalog for UserManagement, its period 5s 
2023-08-05 18:06:01.762 [pool-3-thread-1] INFO  com.rs.mv.mvvs.client.catalog.manager.U2CatalogManager - [client:400203]cache file auto update thread launch in BackupRestore account
2023-08-05 18:06:01.762 [pool-3-thread-1] INFO  com.rs.mv.mvvs.client.catalog.from.config.DirsConfigReader - [client:400206]parse dir config information
2023-08-05 18:06:01.762 [pool-3-thread-1] INFO  com.rs.mv.mvvs.client.catalog.from.config.MappingConfigReader - [client:400207]parse mapping config information
2023-08-05 18:06:01.763 [pool-3-thread-1] INFO  com.rs.mv.mvvs.client.catalog.manager.U2CatalogManager - [client:400202]start a schedule task to get global/local catalog for BackupRestore, its period 5s 
2023-08-05 18:06:01.763 [pool-3-thread-1] INFO  com.rs.mv.mvvs.client.catalog.manager.U2CatalogManager - [client:400203]cache file auto update thread launch in BasicCert account
2023-08-05 18:06:01.764 [pool-3-thread-1] INFO  com.rs.mv.mvvs.client.catalog.from.config.DirsConfigReader - [client:400206]parse dir config information
2023-08-05 18:06:01.764 [pool-3-thread-1] INFO  com.rs.mv.mvvs.client.catalog.from.config.MappingConfigReader - [client:400207]parse mapping config information
2023-08-05 18:06:01.764 [pool-3-thread-1] INFO  com.rs.mv.mvvs.client.catalog.manager.U2CatalogManager - [client:400202]start a schedule task to get global/local catalog for BasicCert, its period 5s 
2023-08-05 18:06:01.764 [pool-3-thread-1] INFO  com.rs.mv.mvvs.client.catalog.manager.U2CatalogManager - [client:400203]cache file auto update thread launch in DataChangesListener account
2023-08-05 18:06:01.765 [pool-3-thread-1] INFO  com.rs.mv.mvvs.client.catalog.from.config.DirsConfigReader - [client:400206]parse dir config information
2023-08-05 18:06:01.765 [pool-3-thread-1] INFO  com.rs.mv.mvvs.client.catalog.from.config.MappingConfigReader - [client:400207]parse mapping config information
2023-08-05 18:06:01.765 [pool-3-thread-1] INFO  com.rs.mv.mvvs.client.catalog.manager.U2CatalogManager - [client:400202]start a schedule task to get global/local catalog for DataChangesListener, its period 5s 
2023-08-05 18:06:01.765 [pool-3-thread-1] INFO  com.rs.mv.mvvs.client.catalog.manager.U2CatalogManager - [client:400203]cache file auto update thread launch in ExternalClient account
2023-08-05 18:06:01.766 [pool-3-thread-1] INFO  com.rs.mv.mvvs.client.catalog.from.config.DirsConfigReader - [client:400206]parse dir config information
2023-08-05 18:06:01.766 [pool-3-thread-1] INFO  com.rs.mv.mvvs.client.catalog.from.config.MappingConfigReader - [client:400207]parse mapping config information
2023-08-05 18:06:01.766 [pool-3-thread-1] INFO  com.rs.mv.mvvs.client.catalog.manager.U2CatalogManager - [client:400202]start a schedule task to get global/local catalog for ExternalClient, its period 5s 
2023-08-05 18:06:01.766 [pool-3-thread-1] INFO  com.rs.mv.mvvs.client.catalog.manager.U2CatalogManager - [client:400203]cache file auto update thread launch in Ethernet account
2023-08-05 18:06:01.766 [pool-3-thread-1] INFO  com.rs.mv.mvvs.client.catalog.from.config.DirsConfigReader - [client:400206]parse dir config information
2023-08-05 18:06:01.767 [pool-3-thread-1] INFO  com.rs.mv.mvvs.client.catalog.from.config.MappingConfigReader - [client:400207]parse mapping config information
2023-08-05 18:06:01.767 [pool-3-thread-1] INFO  com.rs.mv.mvvs.client.catalog.manager.U2CatalogManager - [client:400202]start a schedule task to get global/local catalog for Ethernet, its period 5s 
2023-08-05 18:06:01.767 [pool-3-thread-1] INFO  com.rs.mv.mvvs.client.catalog.manager.U2CatalogManager - [client:400203]cache file auto update thread launch in WiFi account
2023-08-05 18:06:01.767 [pool-3-thread-1] INFO  com.rs.mv.mvvs.client.catalog.from.config.DirsConfigReader - [client:400206]parse dir config information
2023-08-05 18:06:01.768 [pool-3-thread-1] INFO  com.rs.mv.mvvs.client.catalog.from.config.MappingConfigReader - [client:400207]parse mapping config information
2023-08-05 18:06:01.768 [pool-3-thread-1] INFO  com.rs.mv.mvvs.client.catalog.manager.U2CatalogManager - [client:400202]start a schedule task to get global/local catalog for WiFi, its period 5s 
2023-08-05 18:06:01.768 [pool-3-thread-1] INFO  com.rs.mv.mvvs.client.catalog.manager.U2CatalogManager - [client:400203]cache file auto update thread launch in File account
2023-08-05 18:06:01.768 [pool-3-thread-1] INFO  com.rs.mv.mvvs.client.catalog.from.config.DirsConfigReader - [client:400206]parse dir config information
2023-08-05 18:06:01.768 [pool-3-thread-1] INFO  com.rs.mv.mvvs.client.catalog.from.config.MappingConfigReader - [client:400207]parse mapping config information
2023-08-05 18:06:01.769 [pool-3-thread-1] INFO  com.rs.mv.mvvs.client.catalog.manager.U2CatalogManager - [client:400202]start a schedule task to get global/local catalog for File, its period 5s 
2023-08-05 18:06:01.769 [pool-3-thread-1] INFO  com.rs.mv.mvvs.client.catalog.manager.U2CatalogManager - [client:400203]cache file auto update thread launch in FirebaseJson account
2023-08-05 18:06:01.769 [pool-3-thread-1] INFO  com.rs.mv.mvvs.client.catalog.from.config.DirsConfigReader - [client:400206]parse dir config information
2023-08-05 18:06:01.769 [pool-3-thread-1] INFO  com.rs.mv.mvvs.client.catalog.from.config.MappingConfigReader - [client:400207]parse mapping config information
2023-08-05 18:06:01.769 [pool-3-thread-1] INFO  com.rs.mv.mvvs.client.catalog.manager.U2CatalogManager - [client:400202]start a schedule task to get global/local catalog for FirebaseJson, its period 5s 
2023-08-05 18:06:01.770 [pool-3-thread-1] INFO  com.rs.mv.mvvs.client.catalog.manager.U2CatalogManager - [client:400203]cache file auto update thread launch in BasicUsage account
2023-08-05 18:06:01.770 [pool-3-thread-1] INFO  com.rs.mv.mvvs.client.catalog.from.config.DirsConfigReader - [client:400206]parse dir config information
2023-08-05 18:06:01.770 [pool-3-thread-1] INFO  com.rs.mv.mvvs.client.catalog.from.config.MappingConfigReader - [client:400207]parse mapping config information
2023-08-05 18:06:01.770 [pool-3-thread-1] INFO  com.rs.mv.mvvs.client.catalog.manager.U2CatalogManager - [client:400202]start a schedule task to get global/local catalog for BasicUsage, its period 5s 
2023-08-05 18:06:01.771 [pool-3-thread-1] INFO  com.rs.mv.mvvs.client.catalog.manager.U2CatalogManager - [client:400203]cache file auto update thread launch in Client account
2023-08-05 18:06:01.771 [pool-3-thread-1] INFO  com.rs.mv.mvvs.client.catalog.from.config.DirsConfigReader - [client:400206]parse dir config information
2023-08-05 18:06:01.771 [pool-3-thread-1] INFO  com.rs.mv.mvvs.client.catalog.from.config.MappingConfigReader - [client:400207]parse mapping config information
2023-08-05 18:06:01.771 [pool-3-thread-1] INFO  com.rs.mv.mvvs.client.catalog.manager.U2CatalogManager - [client:400202]start a schedule task to get global/local catalog for Client, its period 5s 
2023-08-05 18:06:01.772 [pool-3-thread-1] INFO  com.rs.mv.mvvs.client.catalog.manager.U2CatalogManager - [client:400203]cache file auto update thread launch in Stream account
2023-08-05 18:06:01.772 [pool-3-thread-1] INFO  com.rs.mv.mvvs.client.catalog.from.config.DirsConfigReader - [client:400206]parse dir config information
2023-08-05 18:06:01.772 [pool-3-thread-1] INFO  com.rs.mv.mvvs.client.catalog.from.config.MappingConfigReader - [client:400207]parse mapping config information
2023-08-05 18:06:01.773 [pool-3-thread-1] INFO  com.rs.mv.mvvs.client.catalog.manager.U2CatalogManager - [client:400202]start a schedule task to get global/local catalog for Stream, its period 5s 
2023-08-05 18:06:01.773 [pool-3-thread-1] INFO  com.rs.mv.mvvs.client.catalog.manager.U2CatalogManager - [client:400203]cache file auto update thread launch in src account
2023-08-05 18:06:01.773 [pool-3-thread-1] INFO  com.rs.mv.mvvs.client.catalog.from.config.DirsConfigReader - [client:400206]parse dir config information
2023-08-05 18:06:01.773 [pool-3-thread-1] INFO  com.rs.mv.mvvs.client.catalog.from.config.MappingConfigReader - [client:400207]parse mapping config information
2023-08-05 18:06:01.774 [pool-3-thread-1] INFO  com.rs.mv.mvvs.client.catalog.manager.U2CatalogManager - [client:400202]start a schedule task to get global/local catalog for src, its period 5s 
2023-08-05 18:06:01.774 [pool-3-thread-1] INFO  com.rs.mv.mvvs.client.catalog.manager.U2CatalogManager - [client:400203]cache file auto update thread launch in addons account
2023-08-05 18:06:01.774 [pool-3-thread-1] INFO  com.rs.mv.mvvs.client.catalog.from.config.DirsConfigReader - [client:400206]parse dir config information
2023-08-05 18:06:01.775 [pool-3-thread-1] INFO  com.rs.mv.mvvs.client.catalog.from.config.MappingConfigReader - [client:400207]parse mapping config information
2023-08-05 18:06:01.775 [pool-3-thread-1] INFO  com.rs.mv.mvvs.client.catalog.manager.U2CatalogManager - [client:400202]start a schedule task to get global/local catalog for addons, its period 5s 
2023-08-05 18:06:01.775 [pool-3-thread-1] INFO  com.rs.mv.mvvs.client.catalog.manager.U2CatalogManager - [client:400203]cache file auto update thread launch in json account
2023-08-05 18:06:01.775 [pool-3-thread-1] INFO  com.rs.mv.mvvs.client.catalog.from.config.DirsConfigReader - [client:400206]parse dir config information
2023-08-05 18:06:01.776 [pool-3-thread-1] INFO  com.rs.mv.mvvs.client.catalog.from.config.MappingConfigReader - [client:400207]parse mapping config information
2023-08-05 18:06:01.776 [pool-3-thread-1] INFO  com.rs.mv.mvvs.client.catalog.manager.U2CatalogManager - [client:400202]start a schedule task to get global/local catalog for json, its period 5s 
2023-08-05 18:06:01.776 [pool-3-thread-1] INFO  com.rs.mv.mvvs.client.catalog.manager.U2CatalogManager - [client:400203]cache file auto update thread launch in extras account
2023-08-05 18:06:01.776 [pool-3-thread-1] INFO  com.rs.mv.mvvs.client.catalog.from.config.DirsConfigReader - [client:400206]parse dir config information
2023-08-05 18:06:01.777 [pool-3-thread-1] INFO  com.rs.mv.mvvs.client.catalog.from.config.MappingConfigReader - [client:400207]parse mapping config information
2023-08-05 18:06:01.777 [pool-3-thread-1] INFO  com.rs.mv.mvvs.client.catalog.manager.U2CatalogManager - [client:400202]start a schedule task to get global/local catalog for extras, its period 5s 
2023-08-05 18:06:01.777 [pool-3-thread-1] INFO  com.rs.mv.mvvs.client.catalog.manager.U2CatalogManager - [client:400203]cache file auto update thread launch in rtdb account
2023-08-05 18:06:01.778 [pool-3-thread-1] INFO  com.rs.mv.mvvs.client.catalog.from.config.DirsConfigReader - [client:400206]parse dir config information
2023-08-05 18:06:01.778 [pool-3-thread-1] INFO  com.rs.mv.mvvs.client.catalog.from.config.MappingConfigReader - [client:400207]parse mapping config information
2023-08-05 18:06:01.778 [pool-3-thread-1] INFO  com.rs.mv.mvvs.client.catalog.manager.U2CatalogManager - [client:400202]start a schedule task to get global/local catalog for rtdb, its period 5s 
2023-08-05 18:06:01.779 [pool-3-thread-1] INFO  com.rs.mv.mvvs.client.catalog.manager.U2CatalogManager - [client:400203]cache file auto update thread launch in wcs account
2023-08-05 18:06:01.779 [pool-3-thread-1] INFO  com.rs.mv.mvvs.client.catalog.from.config.DirsConfigReader - [client:400206]parse dir config information
2023-08-05 18:06:01.779 [pool-3-thread-1] INFO  com.rs.mv.mvvs.client.catalog.from.config.MappingConfigReader - [client:400207]parse mapping config information
2023-08-05 18:06:01.779 [pool-3-thread-1] INFO  com.rs.mv.mvvs.client.catalog.manager.U2CatalogManager - [client:400202]start a schedule task to get global/local catalog for wcs, its period 5s 
2023-08-05 18:06:01.780 [pool-3-thread-1] INFO  com.rs.mv.mvvs.rmv.documentation.BasicDocumentation - [framework:30020101]documentation load start
2023-08-05 18:06:01.781 [pool-3-thread-1] INFO  com.rs.mv.mvvs.rmv.documentation.reader.SystemDocReader - [framework:30020102]system documentation path: /documentation/UNIVERSE/
2023-08-05 18:06:01.781 [pool-3-thread-1] INFO  com.rs.mv.mvvs.rmv.documentation.reader.ProjectDocReader - [framework:30020103]project documentation brief file: custom.json
2023-08-05 18:06:01.781 [pool-3-thread-1] INFO  com.rs.mv.mvvs.rmv.documentation.reader.UserDocReader - [framework:30020104]user documentation brief file: C:\Users\dtghgthf\documentation\UNIVERSE\custom.json
2023-08-05 18:06:01.793 [pool-3-thread-1] INFO  com.rs.mv.mvvs.rmv.documentation.BasicDocumentation - [framework:30020105]documentation load end
2023-08-05 18:06:01.794 [pool-3-thread-1] INFO  com.rs.mv.mvvs.common.convertor.ConvertorManager - [framework:30030101]convertors for folder(*) load start
2023-08-05 18:06:01.794 [pool-3-thread-1] INFO  com.rs.mv.mvvs.common.convertor.ConvertorManager - [framework:30030102]comment convertor load finish
2023-08-05 18:06:01.797 [pool-3-thread-1] INFO  com.rs.mv.mvvs.common.convertor.ConvertorManager - [framework:30030103]keyword convertor load finish
2023-08-05 18:06:01.799 [pool-3-thread-1] INFO  com.rs.mv.mvvs.common.convertor.ConvertorManager - [framework:30030104]operator convertor load finish
2023-08-05 18:06:01.799 [pool-3-thread-1] INFO  com.rs.mv.mvvs.common.convertor.ConvertorManager - [framework:30030105]function name convertor load finish
2023-08-05 18:06:01.799 [pool-3-thread-1] INFO  com.rs.mv.mvvs.common.convertor.ConvertorManager - [framework:30030106]atVariable convertor load finish
2023-08-05 18:06:01.799 [pool-3-thread-1] INFO  com.rs.mv.mvvs.common.convertor.ConvertorManager - [framework:30030107]convertors for folder(*) load end
2023-08-05 18:06:01.799 [pool-3-thread-1] INFO  com.rs.mv.mvvs.client.catalog.manager.U2CatalogManager - [client:400203]cache file auto update thread launch in ... account
2023-08-05 18:06:01.800 [pool-3-thread-1] INFO  com.rs.mv.mvvs.client.catalog.from.config.DirsConfigReader - [client:400206]parse dir config information
2023-08-05 18:06:01.800 [pool-3-thread-1] INFO  com.rs.mv.mvvs.client.catalog.from.config.MappingConfigReader - [client:400207]parse mapping config information
2023-08-05 18:06:01.800 [pool-3-thread-1] INFO  com.rs.mv.mvvs.client.catalog.manager.U2CatalogManager - [client:400202]start a schedule task to get global/local catalog for ..., its period 5s 
2023-08-05 18:06:01.802 [pool-3-thread-1] INFO  com.rs.mv.mvvs.client.account.handler.ServerAccountHandler - [client:40010104]load server account: Account{name=Firebase ESP32 Client, path=C:/Users/dtghgthf/Documents/PlatformIO/Projects/ESP32IntelligentPlant/.pio/libdeps/esp32dev/Firebase ESP32 Client, type=PREDICT}
Account{name=build, path=C:/Users/dtghgthf/Documents/PlatformIO/Projects/ESP32IntelligentPlant/.pio/build, type=PREDICT}
Account{name=Ethernet, path=C:/Users/dtghgthf/Documents/PlatformIO/Projects/ESP32IntelligentPlant/.pio/libdeps/esp32dev/Firebase ESP32 Client/examples/ExternalClient/Ethernet, type=PREDICT}
Account{name=Client, path=C:/Users/dtghgthf/Documents/PlatformIO/Projects/ESP32IntelligentPlant/.pio/libdeps/esp32dev/Firebase ESP32 Client/examples/FirebaseJson/Client, type=PREDICT}
Account{name=BasicUsage, path=C:/Users/dtghgthf/Documents/PlatformIO/Projects/ESP32IntelligentPlant/.pio/libdeps/esp32dev/Firebase ESP32 Client/examples/FirebaseJson/BasicUsage, type=PREDICT}
Account{name=SignInAsUser, path=C:/Users/dtghgthf/Documents/PlatformIO/Projects/ESP32IntelligentPlant/.pio/libdeps/esp32dev/Firebase ESP32 Client/examples/Authentications/SignInAsUser, type=PREDICT}
Account{name=src, path=C:/Users/dtghgthf/Documents/PlatformIO/Projects/ESP32IntelligentPlant/.pio/libdeps/esp32dev/Firebase ESP32 Client/src, type=PREDICT}
Account{name=AccessTokenFile, path=C:/Users/dtghgthf/Documents/PlatformIO/Projects/ESP32IntelligentPlant/.pio/libdeps/esp32dev/Firebase ESP32 Client/examples/Authentications/SignInAsAdmin/AccessTokenFile, type=PREDICT}
Account{name=ExternalClient, path=C:/Users/dtghgthf/Documents/PlatformIO/Projects/ESP32IntelligentPlant/.pio/libdeps/esp32dev/Firebase ESP32 Client/examples/ExternalClient, type=PREDICT}
Account{name=BackupRestore, path=C:/Users/dtghgthf/Documents/PlatformIO/Projects/ESP32IntelligentPlant/.pio/libdeps/esp32dev/Firebase ESP32 Client/examples/BackupRestore, type=PREDICT}
Account{name=WiFi, path=C:/Users/dtghgthf/Documents/PlatformIO/Projects/ESP32IntelligentPlant/.pio/libdeps/esp32dev/Firebase ESP32 Client/examples/ExternalClient/WiFi, type=PREDICT}
Account{name=UserManagement, path=C:/Users/dtghgthf/Documents/PlatformIO/Projects/ESP32IntelligentPlant/.pio/libdeps/esp32dev/Firebase ESP32 Client/examples/Authentications/UserManagement, type=PREDICT}
Account{name=Stream, path=C:/Users/dtghgthf/Documents/PlatformIO/Projects/ESP32IntelligentPlant/.pio/libdeps/esp32dev/Firebase ESP32 Client/examples/FirebaseJson/Stream, type=PREDICT}
Account{name=Authentications, path=C:/Users/dtghgthf/Documents/PlatformIO/Projects/ESP32IntelligentPlant/.pio/libdeps/esp32dev/Firebase ESP32 Client/examples/Authentications, type=PREDICT}
Account{name=SignInAsAdmin, path=C:/Users/dtghgthf/Documents/PlatformIO/Projects/ESP32IntelligentPlant/.pio/libdeps/esp32dev/Firebase ESP32 Client/examples/Authentications/SignInAsAdmin, type=PREDICT}
Account{name=.pio, path=C:/Users/dtghgthf/Documents/PlatformIO/Projects/ESP32IntelligentPlant/.pio, type=PREDICT}
Account{name=ESP32IntelligentPlant, path=C:/Users/dtghgthf/Documents/PlatformIO/Projects/ESP32IntelligentPlant, type=PREDICT}
Account{name=FirebaseJson, path=C:/Users/dtghgthf/Documents/PlatformIO/Projects/ESP32IntelligentPlant/.pio/libdeps/esp32dev/Firebase ESP32 Client/examples/FirebaseJson, type=PREDICT}
Account{name=esp32dev, path=C:/Users/dtghgthf/Documents/PlatformIO/Projects/ESP32IntelligentPlant/.pio/libdeps/esp32dev, type=PREDICT}
Account{name=rtdb, path=C:/Users/dtghgthf/Documents/PlatformIO/Projects/ESP32IntelligentPlant/.pio/libdeps/esp32dev/Firebase ESP32 Client/src/rtdb, type=PREDICT}
Account{name=..., path=..., type=PREDICT}
2023-08-05 18:06:01.802 [pool-3-thread-1] INFO  com.rs.mv.mvvs.client.account.AccountManager - [client:40010105]load account manager finish
2023-08-05 18:06:01.803 [pool-3-thread-1] INFO  com.rs.mv.mvvs.instance.userspace.UserspaceManager - [framework:30010402]config file(C:\Users\dtghgthf/.rmv/config) watcher launch successful
2023-08-05 18:06:34.139 [pool-3-thread-1] INFO  com.rs.mv.mvvs.client.catalog.from.scan.CurrentPathScanner - [client:400205]scan file in current open file directory(C:/Users/dtghgthf/Documents/PlatformIO/Projects/ESP32IntelligentPlant)
2023-08-05 18:06:37.114 [pool-3-thread-1] INFO  com.rs.mv.mvvs.client.catalog.from.scan.CurrentPathScanner - [client:400205]scan file in current open file directory(C:/Users/dtghgthf/Documents/PlatformIO/Projects/ESP32IntelligentPlant/src)
2023-08-05 18:06:58.097 [pool-3-thread-1] INFO  com.rs.mv.mvvs.client.catalog.from.scan.CurrentPathScanner - [client:400205]scan file in current open file directory(C:/Users/dtghgthf/Documents/PlatformIO/Projects/ESP32IntelligentPlant)
2023-08-05 18:07:00.994 [pool-3-thread-1] INFO  com.rs.mv.mvvs.client.catalog.from.scan.CurrentPathScanner - [client:400205]scan file in current open file directory(C:/Users/dtghgthf/Documents/PlatformIO/Projects/ESP32IntelligentPlant)
2023-08-05 18:07:15.368 [pool-3-thread-1] INFO  com.rs.mv.mvvs.client.catalog.from.scan.CurrentPathScanner - [client:400205]scan file in current open file directory(C:/Users/dtghgthf/Documents/PlatformIO/Projects/ESP32IntelligentPlant)
2023-08-05 18:07:21.783 [pool-3-thread-1] INFO  com.rs.mv.mvvs.client.catalog.from.scan.CurrentPathScanner - [client:400205]scan file in current open file directory(C:/Users/dtghgthf/Documents/PlatformIO/Projects/ESP32IntelligentPlant/src)
2023-08-05 18:07:51.619 [pool-3-thread-1] INFO  com.rs.mv.mvvs.client.catalog.from.scan.CurrentPathScanner - [client:400205]scan file in current open file directory(C:/Users/dtghgthf/Documents/PlatformIO/Projects/ESP32IntelligentPlant/src)
2023-08-05 18:10:43.056 [pool-3-thread-1] INFO  com.rs.mv.mvvs.client.catalog.from.scan.CurrentPathScanner - [client:400205]scan file in current open file directory(C:/Users/dtghgthf/Documents/PlatformIO/Projects/ESP32IntelligentPlant/src)
2023-08-05 18:11:41.675 [pool-3-thread-1] INFO  com.rs.mv.mvvs.client.catalog.from.scan.CurrentPathScanner - [client:400205]scan file in current open file directory(C:/Users/dtghgthf/Documents/PlatformIO/Projects/ESP32IntelligentPlant/src)
2023-08-05 18:13:14.816 [pool-3-thread-1] INFO  com.rs.mv.mvvs.client.catalog.from.scan.CurrentPathScanner - [client:400205]scan file in current open file directory(C:/Users/dtghgthf/Documents/PlatformIO/Projects/ESP32IntelligentPlant/src)
2023-08-05 18:14:58.647 [pool-3-thread-1] INFO  com.rs.mv.mvvs.client.catalog.from.scan.CurrentPathScanner - [client:400205]scan file in current open file directory(C:/Users/dtghgthf/Documents/PlatformIO/Projects/ESP32IntelligentPlant/src)
2023-08-05 18:16:13.480 [pool-3-thread-1] INFO  com.rs.mv.mvvs.client.catalog.from.scan.CurrentPathScanner - [client:400205]scan file in current open file directory(C:/Users/dtghgthf/Documents/PlatformIO/Projects/ESP32IntelligentPlant/src)
2023-08-05 18:17:12.981 [pool-3-thread-1] INFO  com.rs.mv.mvvs.client.catalog.from.scan.CurrentPathScanner - [client:400205]scan file in current open file directory(C:/Users/dtghgthf/Documents/PlatformIO/Projects/ESP32IntelligentPlant/src)
2023-08-05 18:23:38.139 [pool-3-thread-1] INFO  com.rs.mv.mvvs.client.catalog.from.scan.CurrentPathScanner - [client:400205]scan file in current open file directory(C:/Users/dtghgthf/Documents/PlatformIO/Projects/ESP32IntelligentPlant/src)
2023-08-05 18:23:52.779 [pool-3-thread-1] INFO  com.rs.mv.mvvs.client.catalog.from.scan.CurrentPathScanner - [client:400205]scan file in current open file directory(C:/Users/dtghgthf/Documents/PlatformIO/Projects/ESP32IntelligentPlant/src)
2023-08-05 18:24:25.349 [pool-3-thread-1] INFO  com.rs.mv.mvvs.client.catalog.from.scan.CurrentPathScanner - [client:400205]scan file in current open file directory(C:/Users/dtghgthf/Documents/PlatformIO/Projects/ESP32IntelligentPlant/src)
2023-08-05 18:28:07.584 [pool-3-thread-1] INFO  com.rs.mv.mvvs.client.catalog.from.scan.CurrentPathScanner - [client:400205]scan file in current open file directory(C:/Users/dtghgthf/Documents/PlatformIO/Projects/ESP32IntelligentPlant/src)
2023-08-05 18:28:09.620 [pool-3-thread-1] INFO  com.rs.mv.mvvs.client.catalog.from.scan.CurrentPathScanner - [client:400205]scan file in current open file directory(C:/Users/dtghgthf/Documents/PlatformIO/Projects/ESP32IntelligentPlant/src)
2023-08-05 18:30:27.379 [pool-3-thread-1] INFO  com.rs.mv.mvvs.client.catalog.from.scan.CurrentPathScanner - [client:400205]scan file in current open file directory(C:/Users/dtghgthf/Documents/PlatformIO/Projects/ESP32IntelligentPlant)
2023-08-05 18:30:30.188 [pool-3-thread-1] INFO  com.rs.mv.mvvs.client.catalog.from.scan.CurrentPathScanner - [client:400205]scan file in current open file directory(C:/Users/dtghgthf/Documents/PlatformIO/Projects/ESP32IntelligentPlant)
2023-08-05 18:30:30.900 [pool-3-thread-1] INFO  com.rs.mv.mvvs.client.catalog.from.scan.CurrentPathScanner - [client:400205]scan file in current open file directory(C:/Users/dtghgthf/Documents/PlatformIO/Projects/ESP32IntelligentPlant/src)
2023-08-05 18:30:57.973 [pool-3-thread-1] INFO  com.rs.mv.mvvs.client.catalog.from.scan.CurrentPathScanner - [client:400205]scan file in current open file directory(C:/Users/dtghgthf/Documents/PlatformIO/Projects/ESP32IntelligentPlant/src)
2023-08-05 18:31:14.097 [pool-3-thread-1] INFO  com.rs.mv.mvvs.client.catalog.from.scan.CurrentPathScanner - [client:400205]scan file in current open file directory(C:/Users/dtghgthf/Documents/PlatformIO/Projects/ESP32IntelligentPlant/src)
2023-08-05 18:31:19.040 [pool-3-thread-1] INFO  com.rs.mv.mvvs.client.catalog.from.scan.CurrentPathScanner - [client:400205]scan file in current open file directory(C:/Users/dtghgthf/Documents/PlatformIO/Projects/ESP32IntelligentPlant/src)
2023-08-05 18:31:23.079 [pool-3-thread-1] INFO  com.rs.mv.mvvs.client.catalog.from.scan.CurrentPathScanner - [client:400205]scan file in current open file directory(C:/Users/dtghgthf/Documents/PlatformIO/Projects/ESP32IntelligentPlant/src)
2023-08-05 18:32:34.675 [pool-3-thread-1] INFO  com.rs.mv.mvvs.client.catalog.from.scan.CurrentPathScanner - [client:400205]scan file in current open file directory(C:/Users/dtghgthf/Documents/PlatformIO/Projects/ESP32IntelligentPlant/src)
2023-08-05 18:33:00.820 [pool-3-thread-1] INFO  com.rs.mv.mvvs.client.catalog.from.scan.CurrentPathScanner - [client:400205]scan file in current open file directory(C:/Users/dtghgthf/Documents/PlatformIO/Projects/ESP32IntelligentPlant/src)
2023-08-05 18:36:13.101 [pool-3-thread-1] INFO  com.rs.mv.mvvs.client.catalog.from.scan.CurrentPathScanner - [client:400205]scan file in current open file directory(C:/Users/dtghgthf/Documents/PlatformIO/Projects/ESP32IntelligentPlant/src)
2023-08-05 18:37:03.461 [pool-3-thread-1] INFO  com.rs.mv.mvvs.client.catalog.from.scan.CurrentPathScanner - [client:400205]scan file in current open file directory(C:/Users/dtghgthf/Documents/PlatformIO/Projects/ESP32IntelligentPlant/src)
2023-08-05 18:37:25.913 [pool-3-thread-1] INFO  com.rs.mv.mvvs.client.catalog.from.scan.CurrentPathScanner - [client:400205]scan file in current open file directory(C:/Users/dtghgthf/Documents/PlatformIO/Projects/ESP32IntelligentPlant/src)
2023-08-05 18:37:53.588 [pool-3-thread-1] INFO  com.rs.mv.mvvs.client.catalog.from.scan.CurrentPathScanner - [client:400205]scan file in current open file directory(C:/Users/dtghgthf/Documents/PlatformIO/Projects/ESP32IntelligentPlant/src)
2023-08-05 18:38:20.016 [pool-3-thread-1] INFO  com.rs.mv.mvvs.client.catalog.from.scan.CurrentPathScanner - [client:400205]scan file in current open file directory(C:/Users/dtghgthf/Documents/PlatformIO/Projects/ESP32IntelligentPlant/src)
