2023-09-09 14:03:12.702 [main] INFO  com.rs.mv.mvvs.Startup - [LSP:100101]ROCKET MV BASIC EXTENSION to start
2023-09-09 14:03:12.719 [main] INFO  com.rs.mv.mvvs.lsp.server.BasicLanguageServerLauncher - [LSP:100102]start pip server
2023-09-09 14:03:12.770 [main] INFO  com.rs.mv.mvvs.lsp.server.BasicLanguageServerLauncher - [LSP:100103]ROCKET MV BASIC EXTENSION start successful
2023-09-09 14:03:12.814 [pool-3-thread-1] INFO  com.rs.mv.mvvs.instance.workspace.WorkspaceManager - [workspace:200101]load all workspace folders start
2023-09-09 14:03:12.815 [pool-3-thread-1] INFO  com.rs.mv.mvvs.instance.workspace.WorkspaceManager - [workspace:20010201]root uri: file:///c%3A/Users/dtghgthf/Documents/PlatformIO/Projects/ESP32IntelligentPlant
2023-09-09 14:03:12.815 [pool-3-thread-1] INFO  com.rs.mv.mvvs.instance.workspace.handler.FolderHandler - [workspace:200103]workspace contains workspace folder: file:///c%3A/Users/dtghgthf/Documents/PlatformIO/Projects/ESP32IntelligentPlant
2023-09-09 14:03:12.827 [pool-3-thread-1] INFO  com.rs.mv.mvvs.instance.workspace.handler.FolderHandler - [workspace:200104]workspace folder will be cached: file:///c%3A/Users/dtghgthf/Documents/PlatformIO/Projects/ESP32IntelligentPlant
2023-09-09 14:03:12.828 [pool-3-thread-1] INFO  com.rs.mv.mvvs.rmv.config.Config - [framework:30010101]config load start
2023-09-09 14:03:12.828 [pool-3-thread-1] INFO  com.rs.mv.mvvs.rmv.config.Config - [framework:30010102]project config path is : C:/Users/dtghgthf/Documents/PlatformIO/Projects/ESP32IntelligentPlant/.rmv/config
2023-09-09 14:03:12.828 [pool-3-thread-1] INFO  com.rs.mv.mvvs.rmv.config.Config - [framework:30010103]resource config path is : /
2023-09-09 14:03:12.829 [pool-3-thread-1] INFO  com.rs.mv.mvvs.rmv.config.Config - [framework:30010104]user config path is : C:/Users/dtghgthf
2023-09-09 14:03:12.837 [pool-3-thread-1] INFO  com.rs.mv.mvvs.rmv.config.Config - [framework:30010105]config load end
2023-09-09 14:03:12.839 [pool-3-thread-1] INFO  com.rs.mv.mvvs.rmv.documentation.BasicDocumentation - [framework:30020101]documentation load start
2023-09-09 14:03:12.840 [pool-3-thread-1] INFO  com.rs.mv.mvvs.rmv.documentation.reader.SystemDocReader - [framework:30020102]system documentation path: /documentation/UNIVERSE/
2023-09-09 14:03:12.842 [pool-3-thread-1] INFO  com.rs.mv.mvvs.rmv.documentation.reader.ProjectDocReader - [framework:30020103]project documentation brief file: C:\Users\dtghgthf\Documents\PlatformIO\Projects\ESP32IntelligentPlant\.rmv\documentation\UNIVERSE\custom.json
2023-09-09 14:03:12.843 [pool-3-thread-1] INFO  com.rs.mv.mvvs.rmv.documentation.reader.UserDocReader - [framework:30020104]user documentation brief file: C:\Users\dtghgthf\documentation\UNIVERSE\custom.json
2023-09-09 14:03:12.901 [pool-3-thread-1] INFO  com.rs.mv.mvvs.rmv.documentation.BasicDocumentation - [framework:30020105]documentation load end
2023-09-09 14:03:12.908 [pool-3-thread-1] INFO  com.rs.mv.mvvs.common.convertor.ConvertorManager - [framework:30030101]convertors for folder(C:/Users/dtghgthf/Documents/PlatformIO/Projects/ESP32IntelligentPlant) load start
2023-09-09 14:03:12.913 [pool-3-thread-1] INFO  com.rs.mv.mvvs.common.convertor.ConvertorManager - [framework:30030102]comment convertor load finish
2023-09-09 14:03:12.996 [pool-3-thread-1] INFO  com.rs.mv.mvvs.common.convertor.ConvertorManager - [framework:30030103]keyword convertor load finish
2023-09-09 14:03:12.999 [pool-3-thread-1] INFO  com.rs.mv.mvvs.common.convertor.ConvertorManager - [framework:30030104]operator convertor load finish
2023-09-09 14:03:12.999 [pool-3-thread-1] INFO  com.rs.mv.mvvs.common.convertor.ConvertorManager - [framework:30030105]function name convertor load finish
2023-09-09 14:03:12.999 [pool-3-thread-1] INFO  com.rs.mv.mvvs.common.convertor.ConvertorManager - [framework:30030106]atVariable convertor load finish
2023-09-09 14:03:13.000 [pool-3-thread-1] INFO  com.rs.mv.mvvs.common.convertor.ConvertorManager - [framework:30030107]convertors for folder(C:/Users/dtghgthf/Documents/PlatformIO/Projects/ESP32IntelligentPlant) load end
2023-09-09 14:03:13.001 [pool-3-thread-1] INFO  com.rs.mv.mvvs.rmv.config.CapabilityConfig - [framework:30010301]capabilities file(C:/Users/dtghgthf/Documents/PlatformIO/Projects/ESP32IntelligentPlant/config/capability) doesn't exist or read error, default config will take effect
2023-09-09 14:03:13.001 [pool-3-thread-1] INFO  com.rs.mv.mvvs.instance.workspace.WorkspaceManager - [workspace:200105]load all workspace folders successful
2023-09-09 14:03:13.002 [pool-3-thread-1] INFO  com.rs.mv.mvvs.client.account.AccountManager - [client:40010101]load account manager start
2023-09-09 14:03:13.011 [pool-3-thread-1] INFO  com.rs.mv.mvvs.client.account.handler.CacheAccountHandler - [client:40010102]load cache account: 
2023-09-09 14:03:13.013 [pool-3-thread-1] INFO  com.rs.mv.mvvs.client.account.handler.ExternalAccountHandler - [client:40010103]load external account: 
2023-09-09 14:03:13.084 [pool-3-thread-1] INFO  com.rs.mv.mvvs.client.catalog.manager.U2CatalogManager - [client:400203]cache file auto update thread launch in ESP32IntelligentPlant account
2023-09-09 14:03:13.089 [pool-3-thread-1] INFO  com.rs.mv.mvvs.client.catalog.from.config.DirsConfigReader - [client:400206]parse dir config information
2023-09-09 14:03:13.091 [pool-3-thread-1] INFO  com.rs.mv.mvvs.client.catalog.from.config.MappingConfigReader - [client:400207]parse mapping config information
2023-09-09 14:03:13.093 [pool-3-thread-1] INFO  com.rs.mv.mvvs.client.catalog.manager.U2CatalogManager - [client:400202]start a schedule task to get global/local catalog for ESP32IntelligentPlant, its period 5s 
2023-09-09 14:03:13.093 [pool-3-thread-1] INFO  com.rs.mv.mvvs.client.catalog.manager.U2CatalogManager - [client:400203]cache file auto update thread launch in .pio account
2023-09-09 14:03:13.094 [pool-3-thread-1] INFO  com.rs.mv.mvvs.client.catalog.from.config.DirsConfigReader - [client:400206]parse dir config information
2023-09-09 14:03:13.094 [pool-3-thread-1] INFO  com.rs.mv.mvvs.client.catalog.from.config.MappingConfigReader - [client:400207]parse mapping config information
2023-09-09 14:03:13.094 [pool-3-thread-1] INFO  com.rs.mv.mvvs.client.catalog.manager.U2CatalogManager - [client:400202]start a schedule task to get global/local catalog for .pio, its period 5s 
2023-09-09 14:03:13.095 [pool-3-thread-1] INFO  com.rs.mv.mvvs.client.catalog.manager.U2CatalogManager - [client:400203]cache file auto update thread launch in build account
2023-09-09 14:03:13.095 [pool-3-thread-1] INFO  com.rs.mv.mvvs.client.catalog.from.config.DirsConfigReader - [client:400206]parse dir config information
2023-09-09 14:03:13.095 [pool-3-thread-1] INFO  com.rs.mv.mvvs.client.catalog.from.config.MappingConfigReader - [client:400207]parse mapping config information
2023-09-09 14:03:13.096 [pool-3-thread-1] INFO  com.rs.mv.mvvs.client.catalog.manager.U2CatalogManager - [client:400202]start a schedule task to get global/local catalog for build, its period 5s 
2023-09-09 14:03:13.096 [pool-3-thread-1] INFO  com.rs.mv.mvvs.client.catalog.manager.U2CatalogManager - [client:400203]cache file auto update thread launch in libdeps account
2023-09-09 14:03:13.096 [pool-3-thread-1] INFO  com.rs.mv.mvvs.client.catalog.from.config.DirsConfigReader - [client:400206]parse dir config information
2023-09-09 14:03:13.097 [pool-3-thread-1] INFO  com.rs.mv.mvvs.client.catalog.from.config.MappingConfigReader - [client:400207]parse mapping config information
2023-09-09 14:03:13.097 [pool-3-thread-1] INFO  com.rs.mv.mvvs.client.catalog.manager.U2CatalogManager - [client:400202]start a schedule task to get global/local catalog for libdeps, its period 5s 
2023-09-09 14:03:13.097 [pool-3-thread-1] INFO  com.rs.mv.mvvs.client.catalog.manager.U2CatalogManager - [client:400203]cache file auto update thread launch in esp32dev account
2023-09-09 14:03:13.098 [pool-3-thread-1] INFO  com.rs.mv.mvvs.client.catalog.from.config.DirsConfigReader - [client:400206]parse dir config information
2023-09-09 14:03:13.098 [pool-3-thread-1] INFO  com.rs.mv.mvvs.client.catalog.from.config.MappingConfigReader - [client:400207]parse mapping config information
2023-09-09 14:03:13.098 [pool-3-thread-1] INFO  com.rs.mv.mvvs.client.catalog.manager.U2CatalogManager - [client:400202]start a schedule task to get global/local catalog for esp32dev, its period 5s 
2023-09-09 14:03:13.099 [pool-3-thread-1] INFO  com.rs.mv.mvvs.client.catalog.manager.U2CatalogManager - [client:400203]cache file auto update thread launch in DHT sensor library for ESPx account
2023-09-09 14:03:13.099 [pool-3-thread-1] INFO  com.rs.mv.mvvs.client.catalog.from.config.DirsConfigReader - [client:400206]parse dir config information
2023-09-09 14:03:13.099 [pool-3-thread-1] INFO  com.rs.mv.mvvs.client.catalog.from.config.MappingConfigReader - [client:400207]parse mapping config information
2023-09-09 14:03:13.100 [pool-3-thread-1] INFO  com.rs.mv.mvvs.client.catalog.manager.U2CatalogManager - [client:400202]start a schedule task to get global/local catalog for DHT sensor library for ESPx, its period 5s 
2023-09-09 14:03:13.100 [pool-3-thread-1] INFO  com.rs.mv.mvvs.client.catalog.manager.U2CatalogManager - [client:400203]cache file auto update thread launch in .github account
2023-09-09 14:03:13.101 [pool-3-thread-1] INFO  com.rs.mv.mvvs.client.catalog.from.config.DirsConfigReader - [client:400206]parse dir config information
2023-09-09 14:03:13.101 [pool-3-thread-1] INFO  com.rs.mv.mvvs.client.catalog.from.config.MappingConfigReader - [client:400207]parse mapping config information
2023-09-09 14:03:13.101 [pool-3-thread-1] INFO  com.rs.mv.mvvs.client.catalog.manager.U2CatalogManager - [client:400202]start a schedule task to get global/local catalog for .github, its period 5s 
2023-09-09 14:03:13.101 [pool-3-thread-1] INFO  com.rs.mv.mvvs.client.catalog.manager.U2CatalogManager - [client:400203]cache file auto update thread launch in examples account
2023-09-09 14:03:13.102 [pool-3-thread-1] INFO  com.rs.mv.mvvs.client.catalog.from.config.DirsConfigReader - [client:400206]parse dir config information
2023-09-09 14:03:13.102 [pool-3-thread-1] INFO  com.rs.mv.mvvs.client.catalog.from.config.MappingConfigReader - [client:400207]parse mapping config information
2023-09-09 14:03:13.102 [pool-3-thread-1] INFO  com.rs.mv.mvvs.client.catalog.manager.U2CatalogManager - [client:400202]start a schedule task to get global/local catalog for examples, its period 5s 
2023-09-09 14:03:13.103 [pool-3-thread-1] INFO  com.rs.mv.mvvs.client.catalog.manager.U2CatalogManager - [client:400203]cache file auto update thread launch in Firebase ESP32 Client account
2023-09-09 14:03:13.103 [pool-3-thread-1] INFO  com.rs.mv.mvvs.client.catalog.from.config.DirsConfigReader - [client:400206]parse dir config information
2023-09-09 14:03:13.103 [pool-3-thread-1] INFO  com.rs.mv.mvvs.client.catalog.from.config.MappingConfigReader - [client:400207]parse mapping config information
2023-09-09 14:03:13.104 [pool-3-thread-1] INFO  com.rs.mv.mvvs.client.catalog.manager.U2CatalogManager - [client:400202]start a schedule task to get global/local catalog for Firebase ESP32 Client, its period 5s 
2023-09-09 14:03:13.104 [pool-3-thread-1] INFO  com.rs.mv.mvvs.client.catalog.manager.U2CatalogManager - [client:400203]cache file auto update thread launch in examples account
2023-09-09 14:03:13.104 [pool-3-thread-1] INFO  com.rs.mv.mvvs.client.catalog.from.config.DirsConfigReader - [client:400206]parse dir config information
2023-09-09 14:03:13.105 [pool-3-thread-1] INFO  com.rs.mv.mvvs.client.catalog.from.config.MappingConfigReader - [client:400207]parse mapping config information
2023-09-09 14:03:13.105 [pool-3-thread-1] INFO  com.rs.mv.mvvs.client.catalog.manager.U2CatalogManager - [client:400202]start a schedule task to get global/local catalog for examples, its period 5s 
2023-09-09 14:03:13.106 [pool-3-thread-1] INFO  com.rs.mv.mvvs.client.catalog.manager.U2CatalogManager - [client:400203]cache file auto update thread launch in Authentications account
2023-09-09 14:03:13.106 [pool-3-thread-1] INFO  com.rs.mv.mvvs.client.catalog.from.config.DirsConfigReader - [client:400206]parse dir config information
2023-09-09 14:03:13.106 [pool-3-thread-1] INFO  com.rs.mv.mvvs.client.catalog.from.config.MappingConfigReader - [client:400207]parse mapping config information
2023-09-09 14:03:13.106 [pool-3-thread-1] INFO  com.rs.mv.mvvs.client.catalog.manager.U2CatalogManager - [client:400202]start a schedule task to get global/local catalog for Authentications, its period 5s 
2023-09-09 14:03:13.107 [pool-3-thread-1] INFO  com.rs.mv.mvvs.client.catalog.manager.U2CatalogManager - [client:400203]cache file auto update thread launch in SignInAsAdmin account
2023-09-09 14:03:13.107 [pool-3-thread-1] INFO  com.rs.mv.mvvs.client.catalog.from.config.DirsConfigReader - [client:400206]parse dir config information
2023-09-09 14:03:13.107 [pool-3-thread-1] INFO  com.rs.mv.mvvs.client.catalog.from.config.MappingConfigReader - [client:400207]parse mapping config information
2023-09-09 14:03:13.108 [pool-3-thread-1] INFO  com.rs.mv.mvvs.client.catalog.manager.U2CatalogManager - [client:400202]start a schedule task to get global/local catalog for SignInAsAdmin, its period 5s 
2023-09-09 14:03:13.108 [pool-3-thread-1] INFO  com.rs.mv.mvvs.client.catalog.manager.U2CatalogManager - [client:400203]cache file auto update thread launch in AccessTokenFile account
2023-09-09 14:03:13.108 [pool-3-thread-1] INFO  com.rs.mv.mvvs.client.catalog.from.config.DirsConfigReader - [client:400206]parse dir config information
2023-09-09 14:03:13.109 [pool-3-thread-1] INFO  com.rs.mv.mvvs.client.catalog.from.config.MappingConfigReader - [client:400207]parse mapping config information
2023-09-09 14:03:13.109 [pool-3-thread-1] INFO  com.rs.mv.mvvs.client.catalog.manager.U2CatalogManager - [client:400202]start a schedule task to get global/local catalog for AccessTokenFile, its period 5s 
2023-09-09 14:03:13.109 [pool-3-thread-1] INFO  com.rs.mv.mvvs.client.catalog.manager.U2CatalogManager - [client:400203]cache file auto update thread launch in SignInAsGuest account
2023-09-09 14:03:13.110 [pool-3-thread-1] INFO  com.rs.mv.mvvs.client.catalog.from.config.DirsConfigReader - [client:400206]parse dir config information
2023-09-09 14:03:13.110 [pool-3-thread-1] INFO  com.rs.mv.mvvs.client.catalog.from.config.MappingConfigReader - [client:400207]parse mapping config information
2023-09-09 14:03:13.110 [pool-3-thread-1] INFO  com.rs.mv.mvvs.client.catalog.manager.U2CatalogManager - [client:400202]start a schedule task to get global/local catalog for SignInAsGuest, its period 5s 
2023-09-09 14:03:13.111 [pool-3-thread-1] INFO  com.rs.mv.mvvs.client.catalog.manager.U2CatalogManager - [client:400203]cache file auto update thread launch in SignInAsUser account
2023-09-09 14:03:13.111 [pool-3-thread-1] INFO  com.rs.mv.mvvs.client.catalog.from.config.DirsConfigReader - [client:400206]parse dir config information
2023-09-09 14:03:13.111 [pool-3-thread-1] INFO  com.rs.mv.mvvs.client.catalog.from.config.MappingConfigReader - [client:400207]parse mapping config information
2023-09-09 14:03:13.111 [pool-3-thread-1] INFO  com.rs.mv.mvvs.client.catalog.manager.U2CatalogManager - [client:400202]start a schedule task to get global/local catalog for SignInAsUser, its period 5s 
2023-09-09 14:03:13.112 [pool-3-thread-1] INFO  com.rs.mv.mvvs.client.catalog.manager.U2CatalogManager - [client:400203]cache file auto update thread launch in UserManagement account
2023-09-09 14:03:13.112 [pool-3-thread-1] INFO  com.rs.mv.mvvs.client.catalog.from.config.DirsConfigReader - [client:400206]parse dir config information
2023-09-09 14:03:13.112 [pool-3-thread-1] INFO  com.rs.mv.mvvs.client.catalog.from.config.MappingConfigReader - [client:400207]parse mapping config information
2023-09-09 14:03:13.113 [pool-3-thread-1] INFO  com.rs.mv.mvvs.client.catalog.manager.U2CatalogManager - [client:400202]start a schedule task to get global/local catalog for UserManagement, its period 5s 
2023-09-09 14:03:13.113 [pool-3-thread-1] INFO  com.rs.mv.mvvs.client.catalog.manager.U2CatalogManager - [client:400203]cache file auto update thread launch in BackupRestore account
2023-09-09 14:03:13.113 [pool-3-thread-1] INFO  com.rs.mv.mvvs.client.catalog.from.config.DirsConfigReader - [client:400206]parse dir config information
2023-09-09 14:03:13.113 [pool-3-thread-1] INFO  com.rs.mv.mvvs.client.catalog.from.config.MappingConfigReader - [client:400207]parse mapping config information
2023-09-09 14:03:13.114 [pool-3-thread-1] INFO  com.rs.mv.mvvs.client.catalog.manager.U2CatalogManager - [client:400202]start a schedule task to get global/local catalog for BackupRestore, its period 5s 
2023-09-09 14:03:13.114 [pool-3-thread-1] INFO  com.rs.mv.mvvs.client.catalog.manager.U2CatalogManager - [client:400203]cache file auto update thread launch in BasicCert account
2023-09-09 14:03:13.114 [pool-3-thread-1] INFO  com.rs.mv.mvvs.client.catalog.from.config.DirsConfigReader - [client:400206]parse dir config information
2023-09-09 14:03:13.114 [pool-3-thread-1] INFO  com.rs.mv.mvvs.client.catalog.from.config.MappingConfigReader - [client:400207]parse mapping config information
2023-09-09 14:03:13.114 [pool-3-thread-1] INFO  com.rs.mv.mvvs.client.catalog.manager.U2CatalogManager - [client:400202]start a schedule task to get global/local catalog for BasicCert, its period 5s 
2023-09-09 14:03:13.115 [pool-3-thread-1] INFO  com.rs.mv.mvvs.client.catalog.manager.U2CatalogManager - [client:400203]cache file auto update thread launch in DataChangesListener account
2023-09-09 14:03:13.115 [pool-3-thread-1] INFO  com.rs.mv.mvvs.client.catalog.from.config.DirsConfigReader - [client:400206]parse dir config information
2023-09-09 14:03:13.115 [pool-3-thread-1] INFO  com.rs.mv.mvvs.client.catalog.from.config.MappingConfigReader - [client:400207]parse mapping config information
2023-09-09 14:03:13.116 [pool-3-thread-1] INFO  com.rs.mv.mvvs.client.catalog.manager.U2CatalogManager - [client:400202]start a schedule task to get global/local catalog for DataChangesListener, its period 5s 
2023-09-09 14:03:13.116 [pool-3-thread-1] INFO  com.rs.mv.mvvs.client.catalog.manager.U2CatalogManager - [client:400203]cache file auto update thread launch in ExternalClient account
2023-09-09 14:03:13.116 [pool-3-thread-1] INFO  com.rs.mv.mvvs.client.catalog.from.config.DirsConfigReader - [client:400206]parse dir config information
2023-09-09 14:03:13.117 [pool-3-thread-1] INFO  com.rs.mv.mvvs.client.catalog.from.config.MappingConfigReader - [client:400207]parse mapping config information
2023-09-09 14:03:13.117 [pool-3-thread-1] INFO  com.rs.mv.mvvs.client.catalog.manager.U2CatalogManager - [client:400202]start a schedule task to get global/local catalog for ExternalClient, its period 5s 
2023-09-09 14:03:13.117 [pool-3-thread-1] INFO  com.rs.mv.mvvs.client.catalog.manager.U2CatalogManager - [client:400203]cache file auto update thread launch in Ethernet account
2023-09-09 14:03:13.117 [pool-3-thread-1] INFO  com.rs.mv.mvvs.client.catalog.from.config.DirsConfigReader - [client:400206]parse dir config information
2023-09-09 14:03:13.118 [pool-3-thread-1] INFO  com.rs.mv.mvvs.client.catalog.from.config.MappingConfigReader - [client:400207]parse mapping config information
2023-09-09 14:03:13.118 [pool-3-thread-1] INFO  com.rs.mv.mvvs.client.catalog.manager.U2CatalogManager - [client:400202]start a schedule task to get global/local catalog for Ethernet, its period 5s 
2023-09-09 14:03:13.118 [pool-3-thread-1] INFO  com.rs.mv.mvvs.client.catalog.manager.U2CatalogManager - [client:400203]cache file auto update thread launch in WiFi account
2023-09-09 14:03:13.119 [pool-3-thread-1] INFO  com.rs.mv.mvvs.client.catalog.from.config.DirsConfigReader - [client:400206]parse dir config information
2023-09-09 14:03:13.119 [pool-3-thread-1] INFO  com.rs.mv.mvvs.client.catalog.from.config.MappingConfigReader - [client:400207]parse mapping config information
2023-09-09 14:03:13.119 [pool-3-thread-1] INFO  com.rs.mv.mvvs.client.catalog.manager.U2CatalogManager - [client:400202]start a schedule task to get global/local catalog for WiFi, its period 5s 
2023-09-09 14:03:13.120 [pool-3-thread-1] INFO  com.rs.mv.mvvs.client.catalog.manager.U2CatalogManager - [client:400203]cache file auto update thread launch in File account
2023-09-09 14:03:13.120 [pool-3-thread-1] INFO  com.rs.mv.mvvs.client.catalog.from.config.DirsConfigReader - [client:400206]parse dir config information
2023-09-09 14:03:13.120 [pool-3-thread-1] INFO  com.rs.mv.mvvs.client.catalog.from.config.MappingConfigReader - [client:400207]parse mapping config information
2023-09-09 14:03:13.120 [pool-3-thread-1] INFO  com.rs.mv.mvvs.client.catalog.manager.U2CatalogManager - [client:400202]start a schedule task to get global/local catalog for File, its period 5s 
2023-09-09 14:03:13.121 [pool-3-thread-1] INFO  com.rs.mv.mvvs.client.catalog.manager.U2CatalogManager - [client:400203]cache file auto update thread launch in FirebaseJson account
2023-09-09 14:03:13.121 [pool-3-thread-1] INFO  com.rs.mv.mvvs.client.catalog.from.config.DirsConfigReader - [client:400206]parse dir config information
2023-09-09 14:03:13.121 [pool-3-thread-1] INFO  com.rs.mv.mvvs.client.catalog.from.config.MappingConfigReader - [client:400207]parse mapping config information
2023-09-09 14:03:13.121 [pool-3-thread-1] INFO  com.rs.mv.mvvs.client.catalog.manager.U2CatalogManager - [client:400202]start a schedule task to get global/local catalog for FirebaseJson, its period 5s 
2023-09-09 14:03:13.122 [pool-3-thread-1] INFO  com.rs.mv.mvvs.client.catalog.manager.U2CatalogManager - [client:400203]cache file auto update thread launch in BasicUsage account
2023-09-09 14:03:13.122 [pool-3-thread-1] INFO  com.rs.mv.mvvs.client.catalog.from.config.DirsConfigReader - [client:400206]parse dir config information
2023-09-09 14:03:13.122 [pool-3-thread-1] INFO  com.rs.mv.mvvs.client.catalog.from.config.MappingConfigReader - [client:400207]parse mapping config information
2023-09-09 14:03:13.123 [pool-3-thread-1] INFO  com.rs.mv.mvvs.client.catalog.manager.U2CatalogManager - [client:400202]start a schedule task to get global/local catalog for BasicUsage, its period 5s 
2023-09-09 14:03:13.123 [pool-3-thread-1] INFO  com.rs.mv.mvvs.client.catalog.manager.U2CatalogManager - [client:400203]cache file auto update thread launch in Client account
2023-09-09 14:03:13.124 [pool-3-thread-1] INFO  com.rs.mv.mvvs.client.catalog.from.config.DirsConfigReader - [client:400206]parse dir config information
2023-09-09 14:03:13.124 [pool-3-thread-1] INFO  com.rs.mv.mvvs.client.catalog.from.config.MappingConfigReader - [client:400207]parse mapping config information
2023-09-09 14:03:13.124 [pool-3-thread-1] INFO  com.rs.mv.mvvs.client.catalog.manager.U2CatalogManager - [client:400202]start a schedule task to get global/local catalog for Client, its period 5s 
2023-09-09 14:03:13.124 [pool-3-thread-1] INFO  com.rs.mv.mvvs.client.catalog.manager.U2CatalogManager - [client:400203]cache file auto update thread launch in Stream account
2023-09-09 14:03:13.125 [pool-3-thread-1] INFO  com.rs.mv.mvvs.client.catalog.from.config.DirsConfigReader - [client:400206]parse dir config information
2023-09-09 14:03:13.125 [pool-3-thread-1] INFO  com.rs.mv.mvvs.client.catalog.from.config.MappingConfigReader - [client:400207]parse mapping config information
2023-09-09 14:03:13.125 [pool-3-thread-1] INFO  com.rs.mv.mvvs.client.catalog.manager.U2CatalogManager - [client:400202]start a schedule task to get global/local catalog for Stream, its period 5s 
2023-09-09 14:03:13.126 [pool-3-thread-1] INFO  com.rs.mv.mvvs.client.catalog.manager.U2CatalogManager - [client:400203]cache file auto update thread launch in src account
2023-09-09 14:03:13.126 [pool-3-thread-1] INFO  com.rs.mv.mvvs.client.catalog.from.config.DirsConfigReader - [client:400206]parse dir config information
2023-09-09 14:03:13.126 [pool-3-thread-1] INFO  com.rs.mv.mvvs.client.catalog.from.config.MappingConfigReader - [client:400207]parse mapping config information
2023-09-09 14:03:13.127 [pool-3-thread-1] INFO  com.rs.mv.mvvs.client.catalog.manager.U2CatalogManager - [client:400202]start a schedule task to get global/local catalog for src, its period 5s 
2023-09-09 14:03:13.127 [pool-3-thread-1] INFO  com.rs.mv.mvvs.client.catalog.manager.U2CatalogManager - [client:400203]cache file auto update thread launch in addons account
2023-09-09 14:03:13.127 [pool-3-thread-1] INFO  com.rs.mv.mvvs.client.catalog.from.config.DirsConfigReader - [client:400206]parse dir config information
2023-09-09 14:03:13.128 [pool-3-thread-1] INFO  com.rs.mv.mvvs.client.catalog.from.config.MappingConfigReader - [client:400207]parse mapping config information
2023-09-09 14:03:13.128 [pool-3-thread-1] INFO  com.rs.mv.mvvs.client.catalog.manager.U2CatalogManager - [client:400202]start a schedule task to get global/local catalog for addons, its period 5s 
2023-09-09 14:03:13.128 [pool-3-thread-1] INFO  com.rs.mv.mvvs.client.catalog.manager.U2CatalogManager - [client:400203]cache file auto update thread launch in json account
2023-09-09 14:03:13.128 [pool-3-thread-1] INFO  com.rs.mv.mvvs.client.catalog.from.config.DirsConfigReader - [client:400206]parse dir config information
2023-09-09 14:03:13.129 [pool-3-thread-1] INFO  com.rs.mv.mvvs.client.catalog.from.config.MappingConfigReader - [client:400207]parse mapping config information
2023-09-09 14:03:13.129 [pool-3-thread-1] INFO  com.rs.mv.mvvs.client.catalog.manager.U2CatalogManager - [client:400202]start a schedule task to get global/local catalog for json, its period 5s 
2023-09-09 14:03:13.129 [pool-3-thread-1] INFO  com.rs.mv.mvvs.client.catalog.manager.U2CatalogManager - [client:400203]cache file auto update thread launch in extras account
2023-09-09 14:03:13.130 [pool-3-thread-1] INFO  com.rs.mv.mvvs.client.catalog.from.config.DirsConfigReader - [client:400206]parse dir config information
2023-09-09 14:03:13.130 [pool-3-thread-1] INFO  com.rs.mv.mvvs.client.catalog.from.config.MappingConfigReader - [client:400207]parse mapping config information
2023-09-09 14:03:13.130 [pool-3-thread-1] INFO  com.rs.mv.mvvs.client.catalog.manager.U2CatalogManager - [client:400202]start a schedule task to get global/local catalog for extras, its period 5s 
2023-09-09 14:03:13.131 [pool-3-thread-1] INFO  com.rs.mv.mvvs.client.catalog.manager.U2CatalogManager - [client:400203]cache file auto update thread launch in rtdb account
2023-09-09 14:03:13.131 [pool-3-thread-1] INFO  com.rs.mv.mvvs.client.catalog.from.config.DirsConfigReader - [client:400206]parse dir config information
2023-09-09 14:03:13.131 [pool-3-thread-1] INFO  com.rs.mv.mvvs.client.catalog.from.config.MappingConfigReader - [client:400207]parse mapping config information
2023-09-09 14:03:13.131 [pool-3-thread-1] INFO  com.rs.mv.mvvs.client.catalog.manager.U2CatalogManager - [client:400202]start a schedule task to get global/local catalog for rtdb, its period 5s 
2023-09-09 14:03:13.131 [pool-3-thread-1] INFO  com.rs.mv.mvvs.client.catalog.manager.U2CatalogManager - [client:400203]cache file auto update thread launch in wcs account
2023-09-09 14:03:13.132 [pool-3-thread-1] INFO  com.rs.mv.mvvs.client.catalog.from.config.DirsConfigReader - [client:400206]parse dir config information
2023-09-09 14:03:13.132 [pool-3-thread-1] INFO  com.rs.mv.mvvs.client.catalog.from.config.MappingConfigReader - [client:400207]parse mapping config information
2023-09-09 14:03:13.132 [pool-3-thread-1] INFO  com.rs.mv.mvvs.client.catalog.manager.U2CatalogManager - [client:400202]start a schedule task to get global/local catalog for wcs, its period 5s 
2023-09-09 14:03:13.134 [pool-3-thread-1] INFO  com.rs.mv.mvvs.rmv.documentation.BasicDocumentation - [framework:30020101]documentation load start
2023-09-09 14:03:13.134 [pool-3-thread-1] INFO  com.rs.mv.mvvs.rmv.documentation.reader.SystemDocReader - [framework:30020102]system documentation path: /documentation/UNIVERSE/
2023-09-09 14:03:13.135 [pool-3-thread-1] INFO  com.rs.mv.mvvs.rmv.documentation.reader.ProjectDocReader - [framework:30020103]project documentation brief file: custom.json
2023-09-09 14:03:13.135 [pool-3-thread-1] INFO  com.rs.mv.mvvs.rmv.documentation.reader.UserDocReader - [framework:30020104]user documentation brief file: C:\Users\dtghgthf\documentation\UNIVERSE\custom.json
2023-09-09 14:03:13.144 [pool-3-thread-1] INFO  com.rs.mv.mvvs.rmv.documentation.BasicDocumentation - [framework:30020105]documentation load end
2023-09-09 14:03:13.146 [pool-3-thread-1] INFO  com.rs.mv.mvvs.common.convertor.ConvertorManager - [framework:30030101]convertors for folder(*) load start
2023-09-09 14:03:13.146 [pool-3-thread-1] INFO  com.rs.mv.mvvs.common.convertor.ConvertorManager - [framework:30030102]comment convertor load finish
2023-09-09 14:03:13.149 [pool-3-thread-1] INFO  com.rs.mv.mvvs.common.convertor.ConvertorManager - [framework:30030103]keyword convertor load finish
2023-09-09 14:03:13.150 [pool-3-thread-1] INFO  com.rs.mv.mvvs.common.convertor.ConvertorManager - [framework:30030104]operator convertor load finish
2023-09-09 14:03:13.150 [pool-3-thread-1] INFO  com.rs.mv.mvvs.common.convertor.ConvertorManager - [framework:30030105]function name convertor load finish
2023-09-09 14:03:13.150 [pool-3-thread-1] INFO  com.rs.mv.mvvs.common.convertor.ConvertorManager - [framework:30030106]atVariable convertor load finish
2023-09-09 14:03:13.151 [pool-3-thread-1] INFO  com.rs.mv.mvvs.common.convertor.ConvertorManager - [framework:30030107]convertors for folder(*) load end
2023-09-09 14:03:13.151 [pool-3-thread-1] INFO  com.rs.mv.mvvs.client.catalog.manager.U2CatalogManager - [client:400203]cache file auto update thread launch in ... account
2023-09-09 14:03:13.151 [pool-3-thread-1] INFO  com.rs.mv.mvvs.client.catalog.from.config.DirsConfigReader - [client:400206]parse dir config information
2023-09-09 14:03:13.152 [pool-3-thread-1] INFO  com.rs.mv.mvvs.client.catalog.from.config.MappingConfigReader - [client:400207]parse mapping config information
2023-09-09 14:03:13.152 [pool-3-thread-1] INFO  com.rs.mv.mvvs.client.catalog.manager.U2CatalogManager - [client:400202]start a schedule task to get global/local catalog for ..., its period 5s 
2023-09-09 14:03:13.155 [pool-3-thread-1] INFO  com.rs.mv.mvvs.client.account.handler.ServerAccountHandler - [client:40010104]load server account: Account{name=Firebase ESP32 Client, path=C:/Users/dtghgthf/Documents/PlatformIO/Projects/ESP32IntelligentPlant/.pio/libdeps/esp32dev/Firebase ESP32 Client, type=PREDICT}
Account{name=build, path=C:/Users/dtghgthf/Documents/PlatformIO/Projects/ESP32IntelligentPlant/.pio/build, type=PREDICT}
Account{name=Ethernet, path=C:/Users/dtghgthf/Documents/PlatformIO/Projects/ESP32IntelligentPlant/.pio/libdeps/esp32dev/Firebase ESP32 Client/examples/ExternalClient/Ethernet, type=PREDICT}
Account{name=Client, path=C:/Users/dtghgthf/Documents/PlatformIO/Projects/ESP32IntelligentPlant/.pio/libdeps/esp32dev/Firebase ESP32 Client/examples/FirebaseJson/Client, type=PREDICT}
Account{name=examples, path=C:/Users/dtghgthf/Documents/PlatformIO/Projects/ESP32IntelligentPlant/.pio/libdeps/esp32dev/DHT sensor library for ESPx/examples, type=PREDICT}
Account{name=BasicUsage, path=C:/Users/dtghgthf/Documents/PlatformIO/Projects/ESP32IntelligentPlant/.pio/libdeps/esp32dev/Firebase ESP32 Client/examples/FirebaseJson/BasicUsage, type=PREDICT}
Account{name=SignInAsUser, path=C:/Users/dtghgthf/Documents/PlatformIO/Projects/ESP32IntelligentPlant/.pio/libdeps/esp32dev/Firebase ESP32 Client/examples/Authentications/SignInAsUser, type=PREDICT}
Account{name=src, path=C:/Users/dtghgthf/Documents/PlatformIO/Projects/ESP32IntelligentPlant/.pio/libdeps/esp32dev/Firebase ESP32 Client/src, type=PREDICT}
Account{name=AccessTokenFile, path=C:/Users/dtghgthf/Documents/PlatformIO/Projects/ESP32IntelligentPlant/.pio/libdeps/esp32dev/Firebase ESP32 Client/examples/Authentications/SignInAsAdmin/AccessTokenFile, type=PREDICT}
Account{name=ExternalClient, path=C:/Users/dtghgthf/Documents/PlatformIO/Projects/ESP32IntelligentPlant/.pio/libdeps/esp32dev/Firebase ESP32 Client/examples/ExternalClient, type=PREDICT}
Account{name=BackupRestore, path=C:/Users/dtghgthf/Documents/PlatformIO/Projects/ESP32IntelligentPlant/.pio/libdeps/esp32dev/Firebase ESP32 Client/examples/BackupRestore, type=PREDICT}
Account{name=WiFi, path=C:/Users/dtghgthf/Documents/PlatformIO/Projects/ESP32IntelligentPlant/.pio/libdeps/esp32dev/Firebase ESP32 Client/examples/ExternalClient/WiFi, type=PREDICT}
Account{name=UserManagement, path=C:/Users/dtghgthf/Documents/PlatformIO/Projects/ESP32IntelligentPlant/.pio/libdeps/esp32dev/Firebase ESP32 Client/examples/Authentications/UserManagement, type=PREDICT}
Account{name=Stream, path=C:/Users/dtghgthf/Documents/PlatformIO/Projects/ESP32IntelligentPlant/.pio/libdeps/esp32dev/Firebase ESP32 Client/examples/FirebaseJson/Stream, type=PREDICT}
Account{name=Authentications, path=C:/Users/dtghgthf/Documents/PlatformIO/Projects/ESP32IntelligentPlant/.pio/libdeps/esp32dev/Firebase ESP32 Client/examples/Authentications, type=PREDICT}
Account{name=.pio, path=C:/Users/dtghgthf/Documents/PlatformIO/Projects/ESP32IntelligentPlant/.pio, type=PREDICT}
Account{name=ESP32IntelligentPlant, path=C:/Users/dtghgthf/Documents/PlatformIO/Projects/ESP32IntelligentPlant, type=PREDICT}
Account{name=SignInAsAdmin, path=C:/Users/dtghgthf/Documents/PlatformIO/Projects/ESP32IntelligentPlant/.pio/libdeps/esp32dev/Firebase ESP32 Client/examples/Authentications/SignInAsAdmin, type=PREDICT}
Account{name=.github, path=C:/Users/dtghgthf/Documents/PlatformIO/Projects/ESP32IntelligentPlant/.pio/libdeps/esp32dev/DHT sensor library for ESPx/.github, type=PREDICT}
Account{name=FirebaseJson, path=C:/Users/dtghgthf/Documents/PlatformIO/Projects/ESP32IntelligentPlant/.pio/libdeps/esp32dev/Firebase ESP32 Client/examples/FirebaseJson, type=PREDICT}
Account{name=..., path=..., type=PREDICT}
2023-09-09 14:03:13.156 [pool-3-thread-1] INFO  com.rs.mv.mvvs.client.account.AccountManager - [client:40010105]load account manager finish
2023-09-09 14:03:13.157 [pool-3-thread-1] INFO  com.rs.mv.mvvs.instance.userspace.UserspaceManager - [framework:30010402]config file(C:\Users\dtghgthf/.rmv/config) watcher launch successful
2023-09-09 14:03:23.554 [pool-3-thread-1] INFO  com.rs.mv.mvvs.client.catalog.from.scan.CurrentPathScanner - [client:400205]scan file in current open file directory(C:/Users/dtghgthf/Documents/PlatformIO/Projects/ESP32IntelligentPlant)
2023-09-09 14:03:37.673 [pool-3-thread-1] INFO  com.rs.mv.mvvs.client.catalog.from.scan.CurrentPathScanner - [client:400205]scan file in current open file directory(C:/Users/dtghgthf/Documents/PlatformIO/Projects/ESP32IntelligentPlant/src)
2023-09-09 14:03:39.282 [pool-3-thread-1] INFO  com.rs.mv.mvvs.client.catalog.from.scan.CurrentPathScanner - [client:400205]scan file in current open file directory(C:/Users/dtghgthf/Documents/PlatformIO/Projects/ESP32IntelligentPlant/src)
2023-09-09 14:03:41.397 [pool-3-thread-1] INFO  com.rs.mv.mvvs.client.catalog.from.scan.CurrentPathScanner - [client:400205]scan file in current open file directory(C:/Users/dtghgthf/Documents/PlatformIO/Projects/ESP32IntelligentPlant/src)
2023-09-09 14:22:25.539 [pool-3-thread-1] INFO  com.rs.mv.mvvs.client.catalog.from.scan.CurrentPathScanner - [client:400205]scan file in current open file directory(C:/Users/dtghgthf/Documents/PlatformIO/Projects/ESP32IntelligentPlant)
2023-09-09 14:23:02.531 [pool-3-thread-1] INFO  com.rs.mv.mvvs.client.catalog.from.scan.CurrentPathScanner - [client:400205]scan file in current open file directory(C:/Users/dtghgthf/Documents/PlatformIO/Projects/ESP32IntelligentPlant)
2023-09-09 14:23:05.402 [pool-3-thread-1] INFO  com.rs.mv.mvvs.client.catalog.from.scan.CurrentPathScanner - [client:400205]scan file in current open file directory(C:/Users/dtghgthf/Documents/PlatformIO/Projects/ESP32IntelligentPlant/src)
2023-09-09 14:43:37.854 [pool-3-thread-1] INFO  com.rs.mv.mvvs.client.catalog.from.scan.CurrentPathScanner - [client:400205]scan file in current open file directory(C:/Users/dtghgthf/Documents/PlatformIO/Projects/ESP32IntelligentPlant/src)
2023-09-09 15:29:09.439 [pool-3-thread-1] INFO  com.rs.mv.mvvs.client.catalog.from.scan.CurrentPathScanner - [client:400205]scan file in current open file directory(C:/Users/dtghgthf/Documents/PlatformIO/Projects/ESP32IntelligentPlant/src)
